<?xml version="1.0" encoding="UTF-8"?>
<!-- Generated by org.testng.reporters.JUnitXMLReporter -->
<testsuite hostname="asiantech-PC" name="Test" tests="5" failures="0" timestamp="18 Apr 2017 04:26:00 GMT" time="8.286" errors="0">
  <testcase name="@BeforeClass beforeClass" time="0.0" classname="Article.TC_001_ArticleHandle">
    <failure type="org.openqa.selenium.NoSuchWindowException" message="no such window: target window already closed
from unknown error: web view not found
  (Session info: chrome=57.0.2987.133)
  (Driver info: chromedriver=2.28.455520 (cc17746adff54984afff480136733114c6b3704b),platform=Windows NT 6.1.7601 SP1 x86_64) (WARNING: The server did not provide any stacktrace information)
Command duration or timeout: 8 milliseconds
Build info: version: &amp;apos;3.3.1&amp;apos;, revision: &amp;apos;5234b32&amp;apos;, time: &amp;apos;2017-03-10 09:04:52 -0800&amp;apos;
System info: host: &amp;apos;ASIANTECH-PC&amp;apos;, ip: &amp;apos;172.16.50.212&amp;apos;, os.name: &amp;apos;Windows 7&amp;apos;, os.arch: &amp;apos;amd64&amp;apos;, os.version: &amp;apos;6.1&amp;apos;, java.version: &amp;apos;1.8.0_121&amp;apos;
Driver info: org.openqa.selenium.chrome.ChromeDriver
Capabilities [{applicationCacheEnabled=false, rotatable=false, mobileEmulationEnabled=false, networkConnectionEnabled=false, chrome={chromedriverVersion=2.28.455520 (cc17746adff54984afff480136733114c6b3704b), userDataDir=C:\Users\ASIANT~1\AppData\Local\Temp\scoped_dir7524_18302}, takesHeapSnapshot=true, pageLoadStrategy=normal, databaseEnabled=false, handlesAlerts=true, hasTouchScreen=false, version=57.0.2987.133, platform=XP, browserConnectionEnabled=false, nativeEvents=true, acceptSslCerts=true, locationContextEnabled=true, webStorageEnabled=true, browserName=chrome, takesScreenshot=true, javascriptEnabled=true, cssSelectorsEnabled=true, unexpectedAlertBehaviour=}]
Session ID: 3452616afda0a53a7b2df66ee71842fb
*** Element info: {Using=xpath, value=//input[@id=&amp;apos;mod-login-username&amp;apos;]}">
      <![CDATA[org.openqa.selenium.NoSuchWindowException: no such window: target window already closed
from unknown error: web view not found
  (Session info: chrome=57.0.2987.133)
  (Driver info: chromedriver=2.28.455520 (cc17746adff54984afff480136733114c6b3704b),platform=Windows NT 6.1.7601 SP1 x86_64) (WARNING: The server did not provide any stacktrace information)
Command duration or timeout: 8 milliseconds
Build info: version: '3.3.1', revision: '5234b32', time: '2017-03-10 09:04:52 -0800'
System info: host: 'ASIANTECH-PC', ip: '172.16.50.212', os.name: 'Windows 7', os.arch: 'amd64', os.version: '6.1', java.version: '1.8.0_121'
Driver info: org.openqa.selenium.chrome.ChromeDriver
Capabilities [{applicationCacheEnabled=false, rotatable=false, mobileEmulationEnabled=false, networkConnectionEnabled=false, chrome={chromedriverVersion=2.28.455520 (cc17746adff54984afff480136733114c6b3704b), userDataDir=C:\Users\ASIANT~1\AppData\Local\Temp\scoped_dir7524_18302}, takesHeapSnapshot=true, pageLoadStrategy=normal, databaseEnabled=false, handlesAlerts=true, hasTouchScreen=false, version=57.0.2987.133, platform=XP, browserConnectionEnabled=false, nativeEvents=true, acceptSslCerts=true, locationContextEnabled=true, webStorageEnabled=true, browserName=chrome, takesScreenshot=true, javascriptEnabled=true, cssSelectorsEnabled=true, unexpectedAlertBehaviour=}]
Session ID: 3452616afda0a53a7b2df66ee71842fb
*** Element info: {Using=xpath, value=//input[@id='mod-login-username']}
	at org.openqa.selenium.remote.ErrorHandler.createThrowable(ErrorHandler.java:216)
	at org.openqa.selenium.remote.ErrorHandler.throwIfResponseFailed(ErrorHandler.java:168)
	at org.openqa.selenium.remote.RemoteWebDriver.execute(RemoteWebDriver.java:638)
	at org.openqa.selenium.remote.RemoteWebDriver.findElement(RemoteWebDriver.java:371)
	at org.openqa.selenium.remote.RemoteWebDriver.findElementByXPath(RemoteWebDriver.java:476)
	at org.openqa.selenium.By$ByXPath.findElement(By.java:361)
	at org.openqa.selenium.remote.RemoteWebDriver.findElement(RemoteWebDriver.java:363)
	at common.AutomationAction.type(AutomationAction.java:54)
	at page.LoginPage.loginAdmin(LoginPage.java:18)
	at Article.TC_001_ArticleHandle.beforeClass(TC_001_ArticleHandle.java:33)
... Removed 28 stack frames]]>
    </failure>
  </testcase> <!-- @BeforeClass beforeClass -->
  <testcase name="@AfterClass afterClass" time="0.0" classname="Article.TC_001_ArticleHandle">
    <skipped/>
  </testcase> <!-- @AfterClass afterClass -->
  <testcase name="TC_001_Create_Article_With_Valid_Data" time="0.003" classname="Article.TC_001_ArticleHandle">
    <skipped/>
  </testcase> <!-- TC_001_Create_Article_With_Valid_Data -->
  <testcase name="TC_002_Edit_Article" time="0.001" classname="Article.TC_001_ArticleHandle">
    <skipped/>
  </testcase> <!-- TC_002_Edit_Article -->
  <testcase name="TC_003_Publish_An_Article" time="0.001" classname="Article.TC_001_ArticleHandle">
    <skipped/>
  </testcase> <!-- TC_003_Publish_An_Article -->
  <testcase name="TC_004_Unpublish_An_Weblink" time="0.001" classname="Article.TC_001_ArticleHandle">
    <skipped/>
  </testcase> <!-- TC_004_Unpublish_An_Weblink -->
  <testcase name="TC_005_Move_An_Weblink_To_Archive" time="0.001" classname="Article.TC_001_ArticleHandle">
    <skipped/>
  </testcase> <!-- TC_005_Move_An_Weblink_To_Archive -->
</testsuite> <!-- Test -->
